# JRE version: Java(TM) SE Runtime Environment (17.0.5+9) (build 17.0.5+9-LTS-191)
# Java VM: Java HotSpot(TM) 64-Bit Server VM (17.0.5+9-LTS-191, mixed mode, sharing, tiered, compressed oops, compressed class ptrs, g1 gc, windows-amd64)
GC Precious Log:
 CPUs: 8 total, 8 available
 Memory: 16108M
 Large Page Support: Disabled
 NUMA Support: Disabled
 Compressed Oops: Enabled (32-bit)
 Heap Region Size: 1M
 Heap Min Capacity: 256M
 Heap Initial Capacity: 256M
 Heap Max Capacity: 512M
 Pre-touch: Disabled
 Parallel Workers: 8
 Concurrent Workers: 2
 Concurrent Refinement Workers: 8
 Periodic GC: Disabled
Heap:
 garbage-first heap   total 393216K, used 270162K [0x00000000e0000000, 0x0000000100000000)
  region size 1024K, 166 young (169984K), 13 survivors (13312K)
 Metaspace       used 84089K, committed 86144K, reserved 397312K
  class space    used 10960K, committed 12032K, reserved 315392K
GC Heap History (20 events):
Event: 8243.649 GC heap before
{Heap before GC invocations=88 (full 0):
 garbage-first heap   total 357376K, used 299353K [0x00000000e0000000, 0x0000000100000000)
  region size 1024K, 61 young (62464K), 9 survivors (9216K)
 Metaspace       used 90244K, committed 91712K, reserved 397312K
  class space    used 11722K, committed 12416K, reserved 315392K
}
Event: 8243.657 GC heap after
{Heap after GC invocations=89 (full 0):
 garbage-first heap   total 357376K, used 265871K [0x00000000e0000000, 0x0000000100000000)
  region size 1024K, 8 young (8192K), 8 survivors (8192K)
 Metaspace       used 90244K, committed 91712K, reserved 397312K
  class space    used 11722K, committed 12416K, reserved 315392K
}
Event: 8244.094 GC heap before
{Heap before GC invocations=89 (full 0):
 garbage-first heap   total 357376K, used 298639K [0x00000000e0000000, 0x0000000100000000)
  region size 1024K, 41 young (41984K), 8 survivors (8192K)
 Metaspace       used 91660K, committed 93120K, reserved 397312K
  class space    used 11895K, committed 12608K, reserved 315392K
}
Event: 8244.099 GC heap after
{Heap after GC invocations=90 (full 0):
 garbage-first heap   total 357376K, used 268787K [0x00000000e0000000, 0x0000000100000000)
  region size 1024K, 2 young (2048K), 2 survivors (2048K)
 Metaspace       used 91660K, committed 93120K, reserved 397312K
  class space    used 11895K, committed 12608K, reserved 315392K
}
Event: 8330.296 GC heap before
{Heap before GC invocations=91 (full 0):
 garbage-first heap   total 406528K, used 267763K [0x00000000e0000000, 0x0000000100000000)
  region size 1024K, 33 young (33792K), 2 survivors (2048K)
 Metaspace       used 91779K, committed 93248K, reserved 397312K
  class space    used 11904K, committed 12608K, reserved 315392K
}
Event: 8330.300 GC heap after
{Heap after GC invocations=92 (full 0):
 garbage-first heap   total 406528K, used 237949K [0x00000000e0000000, 0x0000000100000000)
  region size 1024K, 3 young (3072K), 3 survivors (3072K)
 Metaspace       used 91779K, committed 93248K, reserved 397312K
  class space    used 11904K, committed 12608K, reserved 315392K
}
Event: 8330.383 GC heap before
{Heap before GC invocations=92 (full 0):
 garbage-first heap   total 406528K, used 253309K [0x00000000e0000000, 0x0000000100000000)
  region size 1024K, 19 young (19456K), 3 survivors (3072K)
 Metaspace       used 91799K, committed 93248K, reserved 397312K
  class space    used 11905K, committed 12608K, reserved 315392K
}
Event: 8330.386 GC heap after
{Heap after GC invocations=93 (full 0):
 garbage-first heap   total 406528K, used 199151K [0x00000000e0000000, 0x0000000100000000)
  region size 1024K, 3 young (3072K), 3 survivors (3072K)
 Metaspace       used 91799K, committed 93248K, reserved 397312K
  class space    used 11905K, committed 12608K, reserved 315392K
}
Event: 8330.451 GC heap before
{Heap before GC invocations=93 (full 0):
 garbage-first heap   total 406528K, used 215535K [0x00000000e0000000, 0x0000000100000000)
  region size 1024K, 19 young (19456K), 3 survivors (3072K)
 Metaspace       used 91799K, committed 93248K, reserved 397312K
  class space    used 11905K, committed 12608K, reserved 315392K
}
Event: 8330.456 GC heap after
{Heap after GC invocations=94 (full 0):
 garbage-first heap   total 406528K, used 162869K [0x00000000e0000000, 0x0000000100000000)
  region size 1024K, 2 young (2048K), 2 survivors (2048K)
 Metaspace       used 91799K, committed 93248K, reserved 397312K
  class space    used 11905K, committed 12608K, reserved 315392K
}
Event: 8330.556 GC heap before
{Heap before GC invocations=94 (full 0):
 garbage-first heap   total 406528K, used 180277K [0x00000000e0000000, 0x0000000100000000)
  region size 1024K, 19 young (19456K), 2 survivors (2048K)
 Metaspace       used 91799K, committed 93248K, reserved 397312K
  class space    used 11905K, committed 12608K, reserved 315392K
}
Event: 8330.564 GC heap after
{Heap after GC invocations=95 (full 0):
 garbage-first heap   total 406528K, used 151914K [0x00000000e0000000, 0x0000000100000000)
  region size 1024K, 3 young (3072K), 3 survivors (3072K)
 Metaspace       used 91799K, committed 93248K, reserved 397312K
  class space    used 11905K, committed 12608K, reserved 315392K
}
Event: 8331.018 GC heap before
{Heap before GC invocations=95 (full 0):
 garbage-first heap   total 406528K, used 291178K [0x00000000e0000000, 0x0000000100000000)
  region size 1024K, 139 young (142336K), 3 survivors (3072K)
 Metaspace       used 91813K, committed 93248K, reserved 397312K
  class space    used 11905K, committed 12608K, reserved 315392K
}
Event: 8331.023 GC heap after
{Heap after GC invocations=96 (full 0):
 garbage-first heap   total 406528K, used 157509K [0x00000000e0000000, 0x0000000100000000)
  region size 1024K, 9 young (9216K), 9 survivors (9216K)
 Metaspace       used 91813K, committed 93248K, reserved 397312K
  class space    used 11905K, committed 12608K, reserved 315392K
}
Event: 8368.112 GC heap before
{Heap before GC invocations=97 (full 0):
 garbage-first heap   total 406528K, used 284485K [0x00000000e0000000, 0x0000000100000000)
  region size 1024K, 149 young (152576K), 9 survivors (9216K)
 Metaspace       used 83872K, committed 86080K, reserved 397312K
  class space    used 10939K, committed 12032K, reserved 315392K
}
Event: 8368.117 GC heap after
{Heap after GC invocations=98 (full 0):
 garbage-first heap   total 406528K, used 149663K [0x00000000e0000000, 0x0000000100000000)
  region size 1024K, 16 young (16384K), 16 survivors (16384K)
 Metaspace       used 83872K, committed 86080K, reserved 397312K
  class space    used 10939K, committed 12032K, reserved 315392K
}
Event: 8368.136 GC heap before
{Heap before GC invocations=98 (full 0):
 garbage-first heap   total 406528K, used 152735K [0x00000000e0000000, 0x0000000100000000)
  region size 1024K, 19 young (19456K), 16 survivors (16384K)
 Metaspace       used 83872K, committed 86080K, reserved 397312K
  class space    used 10939K, committed 12032K, reserved 315392K
}
Event: 8368.142 GC heap after
{Heap after GC invocations=99 (full 0):
 garbage-first heap   total 406528K, used 103356K [0x00000000e0000000, 0x0000000100000000)
  region size 1024K, 2 young (2048K), 2 survivors (2048K)
 Metaspace       used 83872K, committed 86080K, reserved 397312K
  class space    used 10939K, committed 12032K, reserved 315392K
}
Event: 8368.723 GC heap before
{Heap before GC invocations=99 (full 0):
 garbage-first heap   total 406528K, used 292796K [0x00000000e0000000, 0x0000000100000000)
  region size 1024K, 188 young (192512K), 2 survivors (2048K)
 Metaspace       used 83886K, committed 86080K, reserved 397312K
  class space    used 10939K, committed 12032K, reserved 315392K
}
Event: 8368.731 GC heap after
{Heap after GC invocations=100 (full 0):
 garbage-first heap   total 406528K, used 114514K [0x00000000e0000000, 0x0000000100000000)
  region size 1024K, 13 young (13312K), 13 survivors (13312K)
 Metaspace       used 83886K, committed 86080K, reserved 397312K
  class space    used 10939K, committed 12032K, reserved 315392K
}

